0 info it worked if it ends with ok
1 verbose cli [ 'C:\\Program Files\\nodejs\\node.exe',
1 verbose cli   'C:\\Program Files\\nodejs\\node_modules\\npm\\bin\\npm-cli.js',
1 verbose cli   'run',
1 verbose cli   'serve' ]
2 info using npm@4.0.5
3 info using node@v7.4.0
4 verbose run-script [ 'preserve', 'serve', 'postserve' ]
5 info lifecycle workshop-4-5@0.0.1~preserve: workshop-4-5@0.0.1
6 silly lifecycle workshop-4-5@0.0.1~preserve: no script for preserve, continuing
7 info lifecycle workshop-4-5@0.0.1~serve: workshop-4-5@0.0.1
8 verbose lifecycle workshop-4-5@0.0.1~serve: unsafe-perm in lifecycle true
9 verbose lifecycle workshop-4-5@0.0.1~serve: PATH: C:\Program Files\nodejs\node_modules\npm\bin\node-gyp-bin;C:\Users\Alan\Documents\CS326\Workshop6\node_modules\.bin;C:\Users\Alan\AppData\Roaming\npm;C:\Program Files\nodejs\;C:\Python27\;C:\Python27\Scripts;C:\Program Files\Java\jdk1.7.0_79\bin\java.exe;C:\Users\Alan\AppData\Local\Microsoft\WindowsApps;C:\Windows\System32;C:\Program Files\nodejs\;C:\Program Files\Git\cmd;C:\Program Files (x86)\NVIDIA Corporation\PhysX\Common;C:\Users\Alan\AppData\Local\Microsoft\WindowsApps;C:\Program Files\Java\jdk1.7.0_79\bin;C:\Program Files\MiKTeX 2.9\miktex\bin\x64\;C:\Users\Alan\AppData\Roaming\Dashlane\4.6.4.21286\bin\Firefox_Extension\{442718d9-475e-452a-b3e1-fb1ee16b8e9f}\components;C:\Users\Alan\AppData\Roaming\Dashlane\4.6.5.21982\bin\Firefox_Extension\{442718d9-475e-452a-b3e1-fb1ee16b8e9f}\components;C:\Windows\System32\notepad.exe;C:\Users\Alan\AppData\Roaming\Dashlane\4.6.6.23032\bin\Firefox_Extension\{442718d9-475e-452a-b3e1-fb1ee16b8e9f}\components;C:\Users\Alan\AppData\Local\atom\bin;C:\Users\Alan\AppData\Roaming\npm;C:\WINDOWS\System32\WindowsPowerShell\v1.0\;%DASHLANE_DLL_DIR%
10 verbose lifecycle workshop-4-5@0.0.1~serve: CWD: C:\Users\Alan\Documents\CS326\Workshop6
11 silly lifecycle workshop-4-5@0.0.1~serve: Args: [ '/d /s /c', 'webpack-dev-server --content-base build' ]
12 silly lifecycle workshop-4-5@0.0.1~serve: Returned: code: 3221225786  signal: null
13 info lifecycle workshop-4-5@0.0.1~serve: Failed to exec serve script
14 verbose stack Error: workshop-4-5@0.0.1 serve: `webpack-dev-server --content-base build`
14 verbose stack Exit status 3221225786
14 verbose stack     at EventEmitter.<anonymous> (C:\Program Files\nodejs\node_modules\npm\lib\utils\lifecycle.js:279:16)
14 verbose stack     at emitTwo (events.js:106:13)
14 verbose stack     at EventEmitter.emit (events.js:191:7)
14 verbose stack     at ChildProcess.<anonymous> (C:\Program Files\nodejs\node_modules\npm\lib\utils\spawn.js:40:14)
14 verbose stack     at emitTwo (events.js:106:13)
14 verbose stack     at ChildProcess.emit (events.js:191:7)
14 verbose stack     at maybeClose (internal/child_process.js:885:16)
14 verbose stack     at Process.ChildProcess._handle.onexit (internal/child_process.js:226:5)
15 verbose pkgid workshop-4-5@0.0.1
16 verbose cwd C:\Users\Alan\Documents\CS326\Workshop6
17 error Windows_NT 10.0.14393
18 error argv "C:\\Program Files\\nodejs\\node.exe" "C:\\Program Files\\nodejs\\node_modules\\npm\\bin\\npm-cli.js" "run" "serve"
19 error node v7.4.0
20 error npm  v4.0.5
21 error code ELIFECYCLE
22 error workshop-4-5@0.0.1 serve: `webpack-dev-server --content-base build`
22 error Exit status 3221225786
23 error Failed at the workshop-4-5@0.0.1 serve script 'webpack-dev-server --content-base build'.
23 error Make sure you have the latest version of node.js and npm installed.
23 error If you do, this is most likely a problem with the workshop-4-5 package,
23 error not with npm itself.
23 error Tell the author that this fails on your system:
23 error     webpack-dev-server --content-base build
23 error You can get information on how to open an issue for this project with:
23 error     npm bugs workshop-4-5
23 error Or if that isn't available, you can get their info via:
23 error     npm owner ls workshop-4-5
23 error There is likely additional logging output above.
24 verbose exit [ 1, true ]
